{
  "RSpec": {
    "coverage": {
      "/src/config/enviroment.rb": {
        "lines": [
          null,
          1,
          null,
          1,
          1
        ]
      },
      "/src/spec/models/user_spec.rb": {
        "lines": [
          null,
          1,
          1,
          null,
          1,
          null,
          1,
          1,
          1,
          1,
          null,
          null,
          1,
          1,
          1,
          1,
          null,
          null,
          1,
          1,
          1,
          1,
          null,
          null,
          1,
          1,
          1,
          null,
          null,
          1,
          1,
          1,
          1,
          1,
          null,
          null,
          1,
          1,
          1,
          1,
          1,
          null,
          null,
          1,
          1,
          1,
          null,
          null,
          1,
          1,
          1,
          1,
          null,
          null,
          1,
          1,
          1,
          null,
          null,
          1,
          1,
          1,
          1,
          null,
          null,
          null,
          1,
          1,
          1,
          1,
          1,
          1,
          null,
          null,
          1,
          1,
          1,
          1,
          1,
          1,
          1,
          null,
          null,
          1,
          1,
          1,
          1,
          1,
          1,
          null,
          null,
          1,
          1,
          1,
          1,
          1,
          1,
          null,
          null,
          1,
          1,
          1,
          1,
          1,
          1,
          null,
          null,
          1,
          1,
          1,
          1,
          1,
          1,
          1,
          null,
          null,
          null
        ]
      },
      "/src/models/init.rb": {
        "lines": [
          1
        ]
      },
      "/src/models/user.rb": {
        "lines": [
          1,
          1,
          1,
          1,
          null,
          1,
          1,
          null,
          1,
          null,
          1,
          18,
          6,
          null,
          null,
          null,
          1,
          18,
          null,
          null,
          1,
          3,
          1,
          2,
          1,
          null,
          1,
          null,
          3,
          null,
          null,
          1,
          3,
          1,
          2,
          1,
          null,
          1,
          null,
          3,
          null,
          null,
          null
        ]
      }
    },
    "timestamp": 1693179977
  }
}
